#
# There is insufficient memory for the Java Runtime Environment to continue.
# Native memory allocation (malloc) failed to allocate 1099312 bytes. Error detail: Chunk::new
# Possible reasons:
#   The system is out of physical RAM or swap space
#   This process is running with CompressedOops enabled, and the Java Heap may be blocking the growth of the native heap
# Possible solutions:
#   Reduce memory load on the system
#   Increase physical memory or swap space
#   Check if swap backing store is full
#   Decrease Java heap size (-Xmx/-Xms)
#   Decrease number of Java threads
#   Decrease Java thread stack sizes (-Xss)
#   Set larger code cache with -XX:ReservedCodeCacheSize=
#   JVM is running with Unscaled Compressed Oops mode in which the Java heap is
#     placed in the first 4GB address space. The Java Heap base address is the
#     maximum limit for the native heap growth. Please use -XX:HeapBaseMinAddress
#     to set the Java Heap base and to place the Java Heap above 4GB virtual address.
# This output file may be truncated or incomplete.
#
#  Out of Memory Error (arena.cpp:168), pid=35996, tid=40564
#
# JRE version: OpenJDK Runtime Environment Temurin-21.0.8+9 (21.0.8+9) (build 21.0.8+9-LTS)
# Java VM: OpenJDK 64-Bit Server VM Temurin-21.0.8+9 (21.0.8+9-LTS, mixed mode, sharing, tiered, compressed oops, compressed class ptrs, parallel gc, windows-amd64)
# No core dump will be written. Minidumps are not enabled by default on client versions of Windows
#

---------------  S U M M A R Y ------------

Command Line: --add-modules=ALL-SYSTEM --add-opens=java.base/java.util=ALL-UNNAMED --add-opens=java.base/java.lang=ALL-UNNAMED --add-opens=java.base/sun.nio.fs=ALL-UNNAMED -Declipse.application=org.eclipse.jdt.ls.core.id1 -Dosgi.bundles.defaultStartLevel=4 -Declipse.product=org.eclipse.jdt.ls.core.product -Djava.import.generatesMetadataFilesAtProjectRoot=false -DDetectVMInstallationsJob.disabled=true -Dfile.encoding=utf8 -XX:+UseParallelGC -XX:GCTimeRatio=4 -XX:AdaptiveSizePolicyWeight=90 -Dsun.zip.disableMemoryMapping=true -Xmx2G -Xms100m -Xlog:disable -javaagent:c:\Users\Admin\.cursor\extensions\redhat.java-1.46.0-win32-x64\lombok\lombok-1.18.39-4050.jar c:\Users\Admin\.cursor\extensions\redhat.java-1.46.0-win32-x64\server\plugins\org.eclipse.equinox.launcher_1.7.0.v20250519-0528.jar -configuration c:\Users\Admin\AppData\Roaming\Cursor\User\globalStorage\redhat.java\1.46.0\config_ss_win -data c:\Users\Admin\AppData\Roaming\Cursor\User\workspaceStorage\0293fd36af3ee97b47869c549215eac4\redhat.java\ss_ws --pipe=\\.\pipe\lsp-ec9bc59ff11da9daab4cfed0888750cb-sock

Host: 11th Gen Intel(R) Core(TM) i5-1135G7 @ 2.40GHz, 8 cores, 7G,  Windows 11 , 64 bit Build 26100 (10.0.26100.6725)
Time: Mon Oct 20 22:52:38 2025 SE Asia Standard Time elapsed time: 36.042106 seconds (0d 0h 0m 36s)

---------------  T H R E A D  ---------------

Current thread (0x0000020f5d78e160):  JavaThread "C2 CompilerThread0" daemon [_thread_in_native, id=40564, stack(0x0000002b0b600000,0x0000002b0b700000) (1024K)]


Current CompileTask:
C2:36042 2694       4       java.lang.invoke.MethodType::makeImpl (109 bytes)

Stack: [0x0000002b0b600000,0x0000002b0b700000]
Native frames: (J=compiled Java code, j=interpreted, Vv=VM code, C=native code)
V  [jvm.dll+0x6d2449]
V  [jvm.dll+0x8ae341]
V  [jvm.dll+0x8b08be]
V  [jvm.dll+0x8b0fa3]
V  [jvm.dll+0x280c96]
V  [jvm.dll+0xc581d]
V  [jvm.dll+0xc5d53]
V  [jvm.dll+0x3b919c]
V  [jvm.dll+0x1e1213]
V  [jvm.dll+0x249022]
V  [jvm.dll+0x2484af]
V  [jvm.dll+0x1c89ee]
V  [jvm.dll+0x257d4d]
V  [jvm.dll+0x2562ea]
V  [jvm.dll+0x3f2d16]
V  [jvm.dll+0x857e6b]
V  [jvm.dll+0x6d0b0d]
C  [ucrtbase.dll+0x37b0]
C  [KERNEL32.DLL+0x2e8d7]
C  [ntdll.dll+0x8c53c]


---------------  P R O C E S S  ---------------

Threads class SMR info:
_java_thread_list=0x0000020f7baa1780, length=19, elements={
0x0000020f5d810b00, 0x0000020f5d8cc460, 0x0000020f5d8ce4d0, 0x0000020f5d787320,
0x0000020f5d789e80, 0x0000020f5d78a8d0, 0x0000020f5d78b320, 0x0000020f5d78e160,
0x0000020f75aa77d0, 0x0000020f75b35d30, 0x0000020f75d55100, 0x0000020f75b1ec40,
0x0000020f7a21a290, 0x0000020f7a0870c0, 0x0000020f75de0bc0, 0x0000020f7a01f900,
0x0000020f7aa133d0, 0x0000020f7aa36750, 0x0000020f7ab53040
}

Java Threads: ( => current thread )
  0x0000020f5d810b00 JavaThread "main"                              [_thread_blocked, id=3252, stack(0x0000002b0ac00000,0x0000002b0ad00000) (1024K)]
  0x0000020f5d8cc460 JavaThread "Reference Handler"          daemon [_thread_blocked, id=47088, stack(0x0000002b0b000000,0x0000002b0b100000) (1024K)]
  0x0000020f5d8ce4d0 JavaThread "Finalizer"                  daemon [_thread_blocked, id=11772, stack(0x0000002b0b100000,0x0000002b0b200000) (1024K)]
  0x0000020f5d787320 JavaThread "Signal Dispatcher"          daemon [_thread_blocked, id=24704, stack(0x0000002b0b200000,0x0000002b0b300000) (1024K)]
  0x0000020f5d789e80 JavaThread "Attach Listener"            daemon [_thread_blocked, id=39860, stack(0x0000002b0b300000,0x0000002b0b400000) (1024K)]
  0x0000020f5d78a8d0 JavaThread "Service Thread"             daemon [_thread_blocked, id=29104, stack(0x0000002b0b400000,0x0000002b0b500000) (1024K)]
  0x0000020f5d78b320 JavaThread "Monitor Deflation Thread"   daemon [_thread_blocked, id=48612, stack(0x0000002b0b500000,0x0000002b0b600000) (1024K)]
=>0x0000020f5d78e160 JavaThread "C2 CompilerThread0"         daemon [_thread_in_native, id=40564, stack(0x0000002b0b600000,0x0000002b0b700000) (1024K)]
  0x0000020f75aa77d0 JavaThread "C1 CompilerThread0"         daemon [_thread_blocked, id=17676, stack(0x0000002b0b700000,0x0000002b0b800000) (1024K)]
  0x0000020f75b35d30 JavaThread "Common-Cleaner"             daemon [_thread_blocked, id=27072, stack(0x0000002b0b800000,0x0000002b0b900000) (1024K)]
  0x0000020f75d55100 JavaThread "Notification Thread"        daemon [_thread_blocked, id=38040, stack(0x0000002b0b900000,0x0000002b0ba00000) (1024K)]
  0x0000020f75b1ec40 JavaThread "Active Thread: Equinox Container: 490adc1d-7de5-47fd-94c8-37c453b74610"        [_thread_blocked, id=9384, stack(0x0000002b0c000000,0x0000002b0c100000) (1024K)]
  0x0000020f7a21a290 JavaThread "Framework Event Dispatcher: Equinox Container: 490adc1d-7de5-47fd-94c8-37c453b74610" daemon [_thread_blocked, id=15672, stack(0x0000002b0c100000,0x0000002b0c200000) (1024K)]
  0x0000020f7a0870c0 JavaThread "Start Level: Equinox Container: 490adc1d-7de5-47fd-94c8-37c453b74610" daemon [_thread_blocked, id=34936, stack(0x0000002b0c200000,0x0000002b0c300000) (1024K)]
  0x0000020f75de0bc0 JavaThread "SCR Component Actor"        daemon [_thread_blocked, id=31724, stack(0x0000002b0c400000,0x0000002b0c500000) (1024K)]
  0x0000020f7a01f900 JavaThread "Worker-JM"                         [_thread_blocked, id=32440, stack(0x0000002b0c500000,0x0000002b0c600000) (1024K)]
  0x0000020f7aa133d0 JavaThread "Worker-0: Building"                [_thread_blocked, id=25104, stack(0x0000002b0c600000,0x0000002b0c700000) (1024K)]
  0x0000020f7aa36750 JavaThread "Worker-1"                          [_thread_blocked, id=48444, stack(0x0000002b0c700000,0x0000002b0c800000) (1024K)]
  0x0000020f7ab53040 JavaThread "Java indexing"              daemon [_thread_in_vm, id=36988, stack(0x0000002b0a900000,0x0000002b0aa00000) (1024K)]
Total: 19

Other Threads:
  0x0000020f5d8b0dc0 VMThread "VM Thread"                           [id=47172, stack(0x0000002b0af00000,0x0000002b0b000000) (1024K)] _threads_hazard_ptr=0x0000020f7baa1780
  0x0000020f5d87bac0 WatcherThread "VM Periodic Task Thread"        [id=35744, stack(0x0000002b0ae00000,0x0000002b0af00000) (1024K)]
  0x0000020f5d82f880 WorkerThread "GC Thread#0"                     [id=31428, stack(0x0000002b0ad00000,0x0000002b0ae00000) (1024K)]
  0x0000020f7a3575c0 WorkerThread "GC Thread#1"                     [id=41180, stack(0x0000002b0ba00000,0x0000002b0bb00000) (1024K)]
  0x0000020f7a31ba40 WorkerThread "GC Thread#2"                     [id=12280, stack(0x0000002b0bb00000,0x0000002b0bc00000) (1024K)]
  0x0000020f75e45600 WorkerThread "GC Thread#3"                     [id=34488, stack(0x0000002b0bc00000,0x0000002b0bd00000) (1024K)]
  0x0000020f7a2f6630 WorkerThread "GC Thread#4"                     [id=32792, stack(0x0000002b0bd00000,0x0000002b0be00000) (1024K)]
  0x0000020f7a2f69d0 WorkerThread "GC Thread#5"                     [id=41416, stack(0x0000002b0be00000,0x0000002b0bf00000) (1024K)]
  0x0000020f7a38da30 WorkerThread "GC Thread#6"                     [id=4456, stack(0x0000002b0bf00000,0x0000002b0c000000) (1024K)]
  0x0000020f75e52980 WorkerThread "GC Thread#7"                     [id=13832, stack(0x0000002b0c300000,0x0000002b0c400000) (1024K)]
Total: 10

Threads with active compile tasks:
C2 CompilerThread0  36208 2694       4       java.lang.invoke.MethodType::makeImpl (109 bytes)
Total: 1

VM state: synchronizing (normal execution)

VM Mutex/Monitor currently owned by a thread:  ([mutex/lock_event])
[0x00007ffa962c5458] Threads_lock - owner thread: 0x0000020f5d8b0dc0
[0x00007ffa962c5558] Heap_lock - owner thread: 0x0000020f7a0870c0

Heap address: 0x0000000080000000, size: 2048 MB, Compressed Oops mode: 32-bit

CDS archive(s) mapped at: [0x0000020f00000000-0x0000020f00ba0000-0x0000020f00ba0000), size 12189696, SharedBaseAddress: 0x0000020f00000000, ArchiveRelocationMode: 1.
Compressed class space mapped at: 0x0000020f01000000-0x0000020f41000000, reserved size: 1073741824
Narrow klass base: 0x0000020f00000000, Narrow klass shift: 0, Narrow klass range: 0x100000000

GC Precious Log:
 CardTable entry size: 512
 CPUs: 8 total, 8 available
 Memory: 7887M
 Large Page Support: Disabled
 NUMA Support: Disabled
 Compressed Oops: Enabled (32-bit)
 Alignments: Space 512K, Generation 512K, Heap 2M
 Heap Min Capacity: 100M
 Heap Initial Capacity: 100M
 Heap Max Capacity: 2G
 Pre-touch: Disabled
 Parallel Workers: 8

Heap:
 PSYoungGen      total 29184K, used 24250K [0x00000000d5580000, 0x00000000d7900000, 0x0000000100000000)
  eden space 25088K, 80% used [0x00000000d5580000,0x00000000d692f580,0x00000000d6e00000)
  from space 4096K, 99% used [0x00000000d6e80000,0x00000000d727f440,0x00000000d7280000)
  to   space 5632K, 0% used [0x00000000d7380000,0x00000000d7380000,0x00000000d7900000)
 ParOldGen       total 68608K, used 5924K [0x0000000080000000, 0x0000000084300000, 0x00000000d5580000)
  object space 68608K, 8% used [0x0000000080000000,0x00000000805c9048,0x0000000084300000)
 Metaspace       used 20956K, committed 21504K, reserved 1114112K
  class space    used 2020K, committed 2304K, reserved 1048576K

Card table byte_map: [0x0000020f5d1b0000,0x0000020f5d5c0000] _byte_map_base: 0x0000020f5cdb0000

Marking Bits: (ParMarkBitMap*) 0x00007ffa962ca340
 Begin Bits: [0x0000020f6fcb0000, 0x0000020f71cb0000)
 End Bits:   [0x0000020f71cb0000, 0x0000020f73cb0000)

Polling page: 0x0000020f5b600000

Metaspace:

Usage:
  Non-class:     18.49 MB used.
      Class:      1.97 MB used.
       Both:     20.47 MB used.

Virtual space:
  Non-class space:       64.00 MB reserved,      18.75 MB ( 29%) committed,  1 nodes.
      Class space:        1.00 GB reserved,       2.25 MB ( <1%) committed,  1 nodes.
             Both:        1.06 GB reserved,      21.00 MB (  2%) committed. 

Chunk freelists:
   Non-Class:  12.44 MB
       Class:  13.69 MB
        Both:  26.13 MB

MaxMetaspaceSize: unlimited
CompressedClassSpaceSize: 1.00 GB
Initial GC threshold: 21.00 MB
Current GC threshold: 21.00 MB
CDS: on
 - commit_granule_bytes: 65536.
 - commit_granule_words: 8192.
 - virtual_space_node_default_size: 8388608.
 - enlarge_chunks_in_place: 1.
 - use_allocation_guard: 0.


Internal statistics:

num_allocs_failed_limit: 2.
num_arena_births: 464.
num_arena_deaths: 0.
num_vsnodes_births: 2.
num_vsnodes_deaths: 0.
num_space_committed: 336.
num_space_uncommitted: 0.
num_chunks_returned_to_freelist: 2.
num_chunks_taken_from_freelist: 1250.
num_chunk_merges: 2.
num_chunk_splits: 811.
num_chunks_enlarged: 526.
num_inconsistent_stats: 0.

CodeHeap 'non-profiled nmethods': size=120000Kb used=1201Kb max_used=1201Kb free=118798Kb
 bounds [0x0000020f684d0000, 0x0000020f68740000, 0x0000020f6fa00000]
CodeHeap 'profiled nmethods': size=120000Kb used=5425Kb max_used=5425Kb free=114574Kb
 bounds [0x0000020f60a00000, 0x0000020f60f50000, 0x0000020f67f30000]
CodeHeap 'non-nmethods': size=5760Kb used=1309Kb max_used=1353Kb free=4450Kb
 bounds [0x0000020f67f30000, 0x0000020f681a0000, 0x0000020f684d0000]
CodeCache: size=245760Kb, used=7935Kb, max_used=7979Kb, free=237822Kb
 total_blobs=3295, nmethods=2710, adapters=491, full_count=0
Compilation: enabled, stopped_count=0, restarted_count=0

Compilation events (20 events):
Event: 34.610 Thread 0x0000020f75aa77d0 2703       3       java.lang.invoke.DirectMethodHandle::ensureInitialized (8 bytes)
Event: 34.611 Thread 0x0000020f75aa77d0 nmethod 2703 0x0000020f60f44310 code [0x0000020f60f44560, 0x0000020f60f44df8]
Event: 34.611 Thread 0x0000020f75aa77d0 2704       3       java.lang.invoke.DirectMethodHandle::ensureInitialized (23 bytes)
Event: 34.612 Thread 0x0000020f75aa77d0 nmethod 2704 0x0000020f60f45110 code [0x0000020f60f45340, 0x0000020f60f45aa0]
Event: 34.612 Thread 0x0000020f75aa77d0 2705       3       java.lang.invoke.DirectMethodHandle::checkInitialized (28 bytes)
Event: 34.612 Thread 0x0000020f75aa77d0 nmethod 2705 0x0000020f60f45d90 code [0x0000020f60f45fa0, 0x0000020f60f46440]
Event: 34.612 Thread 0x0000020f75aa77d0 2706       3       java.lang.invoke.LambdaForm$MH/0x0000020f01184400::invoke (39 bytes)
Event: 34.613 Thread 0x0000020f75aa77d0 nmethod 2706 0x0000020f60f46610 code [0x0000020f60f46860, 0x0000020f60f47520]
Event: 34.613 Thread 0x0000020f75aa77d0 2709       3       jdk.internal.reflect.ReflectionFactory::newFieldAccessor (93 bytes)
Event: 34.613 Thread 0x0000020f75aa77d0 nmethod 2709 0x0000020f60f47890 code [0x0000020f60f47aa0, 0x0000020f60f480f8]
Event: 34.613 Thread 0x0000020f75aa77d0 2710       3       java.util.PropertyResourceBundle::handleGetObject (23 bytes)
Event: 34.614 Thread 0x0000020f75aa77d0 nmethod 2710 0x0000020f60f48390 code [0x0000020f60f48560, 0x0000020f60f48830]
Event: 34.614 Thread 0x0000020f75aa77d0 2711  s!   3       org.eclipse.osgi.util.NLS$MessagesProperties::put (154 bytes)
Event: 34.616 Thread 0x0000020f75aa77d0 nmethod 2711 0x0000020f60f48910 code [0x0000020f60f48d60, 0x0000020f60f4a9b8]
Event: 34.662 Thread 0x0000020f75aa77d0 2713       3       java.util.EnumSet::typeCheck (59 bytes)
Event: 34.663 Thread 0x0000020f75aa77d0 nmethod 2713 0x0000020f60f4b410 code [0x0000020f60f4b6c0, 0x0000020f60f4c0f0]
Event: 34.715 Thread 0x0000020f75aa77d0 2714       1       org.eclipse.core.internal.jobs.InternalJob::previous (5 bytes)
Event: 34.715 Thread 0x0000020f75aa77d0 nmethod 2714 0x0000020f685fbf10 code [0x0000020f685fc0a0, 0x0000020f685fc168]
Event: 34.715 Thread 0x0000020f75aa77d0 2715       1       java.util.concurrent.atomic.AtomicReference::set (6 bytes)
Event: 34.715 Thread 0x0000020f75aa77d0 nmethod 2715 0x0000020f685fc210 code [0x0000020f685fc3a0, 0x0000020f685fc488]

GC Heap History (10 events):
Event: 6.285 GC heap before
{Heap before GC invocations=1 (full 0):
 PSYoungGen      total 29696K, used 25600K [0x00000000d5580000, 0x00000000d7680000, 0x0000000100000000)
  eden space 25600K, 100% used [0x00000000d5580000,0x00000000d6e80000,0x00000000d6e80000)
  from space 4096K, 0% used [0x00000000d7280000,0x00000000d7280000,0x00000000d7680000)
  to   space 4096K, 0% used [0x00000000d6e80000,0x00000000d6e80000,0x00000000d7280000)
 ParOldGen       total 68608K, used 0K [0x0000000080000000, 0x0000000084300000, 0x00000000d5580000)
  object space 68608K, 0% used [0x0000000080000000,0x0000000080000000,0x0000000084300000)
 Metaspace       used 4318K, committed 4608K, reserved 1114112K
  class space    used 471K, committed 576K, reserved 1048576K
}
Event: 6.385 GC heap after
{Heap after GC invocations=1 (full 0):
 PSYoungGen      total 29696K, used 3335K [0x00000000d5580000, 0x00000000d7680000, 0x0000000100000000)
  eden space 25600K, 0% used [0x00000000d5580000,0x00000000d5580000,0x00000000d6e80000)
  from space 4096K, 81% used [0x00000000d6e80000,0x00000000d71c1e18,0x00000000d7280000)
  to   space 4096K, 0% used [0x00000000d7280000,0x00000000d7280000,0x00000000d7680000)
 ParOldGen       total 68608K, used 0K [0x0000000080000000, 0x0000000084300000, 0x00000000d5580000)
  object space 68608K, 0% used [0x0000000080000000,0x0000000080000000,0x0000000084300000)
 Metaspace       used 4318K, committed 4608K, reserved 1114112K
  class space    used 471K, committed 576K, reserved 1048576K
}
Event: 19.182 GC heap before
{Heap before GC invocations=2 (full 0):
 PSYoungGen      total 29696K, used 28935K [0x00000000d5580000, 0x00000000d7680000, 0x0000000100000000)
  eden space 25600K, 100% used [0x00000000d5580000,0x00000000d6e80000,0x00000000d6e80000)
  from space 4096K, 81% used [0x00000000d6e80000,0x00000000d71c1e18,0x00000000d7280000)
  to   space 4096K, 0% used [0x00000000d7280000,0x00000000d7280000,0x00000000d7680000)
 ParOldGen       total 68608K, used 0K [0x0000000080000000, 0x0000000084300000, 0x00000000d5580000)
  object space 68608K, 0% used [0x0000000080000000,0x0000000080000000,0x0000000084300000)
 Metaspace       used 8137K, committed 8448K, reserved 1114112K
  class space    used 866K, committed 1024K, reserved 1048576K
}
Event: 19.192 GC heap after
{Heap after GC invocations=2 (full 0):
 PSYoungGen      total 29696K, used 4085K [0x00000000d5580000, 0x00000000d7680000, 0x0000000100000000)
  eden space 25600K, 0% used [0x00000000d5580000,0x00000000d5580000,0x00000000d6e80000)
  from space 4096K, 99% used [0x00000000d7280000,0x00000000d767d790,0x00000000d7680000)
  to   space 4096K, 0% used [0x00000000d6e80000,0x00000000d6e80000,0x00000000d7280000)
 ParOldGen       total 68608K, used 927K [0x0000000080000000, 0x0000000084300000, 0x00000000d5580000)
  object space 68608K, 1% used [0x0000000080000000,0x00000000800e7e98,0x0000000084300000)
 Metaspace       used 8137K, committed 8448K, reserved 1114112K
  class space    used 866K, committed 1024K, reserved 1048576K
}
Event: 21.733 GC heap before
{Heap before GC invocations=3 (full 0):
 PSYoungGen      total 29696K, used 29685K [0x00000000d5580000, 0x00000000d7680000, 0x0000000100000000)
  eden space 25600K, 100% used [0x00000000d5580000,0x00000000d6e80000,0x00000000d6e80000)
  from space 4096K, 99% used [0x00000000d7280000,0x00000000d767d790,0x00000000d7680000)
  to   space 4096K, 0% used [0x00000000d6e80000,0x00000000d6e80000,0x00000000d7280000)
 ParOldGen       total 68608K, used 927K [0x0000000080000000, 0x0000000084300000, 0x00000000d5580000)
  object space 68608K, 1% used [0x0000000080000000,0x00000000800e7e98,0x0000000084300000)
 Metaspace       used 12967K, committed 13568K, reserved 1114112K
  class space    used 1374K, committed 1664K, reserved 1048576K
}
Event: 21.836 GC heap after
{Heap after GC invocations=3 (full 0):
 PSYoungGen      total 29696K, used 4086K [0x00000000d5580000, 0x00000000d7680000, 0x0000000100000000)
  eden space 25600K, 0% used [0x00000000d5580000,0x00000000d5580000,0x00000000d6e80000)
  from space 4096K, 99% used [0x00000000d6e80000,0x00000000d727d898,0x00000000d7280000)
  to   space 4096K, 0% used [0x00000000d7280000,0x00000000d7280000,0x00000000d7680000)
 ParOldGen       total 68608K, used 2728K [0x0000000080000000, 0x0000000084300000, 0x00000000d5580000)
  object space 68608K, 3% used [0x0000000080000000,0x00000000802aa188,0x0000000084300000)
 Metaspace       used 12967K, committed 13568K, reserved 1114112K
  class space    used 1374K, committed 1664K, reserved 1048576K
}
Event: 24.534 GC heap before
{Heap before GC invocations=4 (full 0):
 PSYoungGen      total 29696K, used 29610K [0x00000000d5580000, 0x00000000d7680000, 0x0000000100000000)
  eden space 25600K, 99% used [0x00000000d5580000,0x00000000d6e6d160,0x00000000d6e80000)
  from space 4096K, 99% used [0x00000000d6e80000,0x00000000d727d898,0x00000000d7280000)
  to   space 4096K, 0% used [0x00000000d7280000,0x00000000d7280000,0x00000000d7680000)
 ParOldGen       total 68608K, used 2728K [0x0000000080000000, 0x0000000084300000, 0x00000000d5580000)
  object space 68608K, 3% used [0x0000000080000000,0x00000000802aa188,0x0000000084300000)
 Metaspace       used 15955K, committed 16576K, reserved 1114112K
  class space    used 1663K, committed 1984K, reserved 1048576K
}
Event: 24.545 GC heap after
{Heap after GC invocations=4 (full 0):
 PSYoungGen      total 29696K, used 4086K [0x00000000d5580000, 0x00000000d7680000, 0x0000000100000000)
  eden space 25600K, 0% used [0x00000000d5580000,0x00000000d5580000,0x00000000d6e80000)
  from space 4096K, 99% used [0x00000000d7280000,0x00000000d767db78,0x00000000d7680000)
  to   space 4096K, 0% used [0x00000000d6e80000,0x00000000d6e80000,0x00000000d7280000)
 ParOldGen       total 68608K, used 5408K [0x0000000080000000, 0x0000000084300000, 0x00000000d5580000)
  object space 68608K, 7% used [0x0000000080000000,0x0000000080548140,0x0000000084300000)
 Metaspace       used 15955K, committed 16576K, reserved 1114112K
  class space    used 1663K, committed 1984K, reserved 1048576K
}
Event: 29.601 GC heap before
{Heap before GC invocations=5 (full 0):
 PSYoungGen      total 29696K, used 29686K [0x00000000d5580000, 0x00000000d7680000, 0x0000000100000000)
  eden space 25600K, 100% used [0x00000000d5580000,0x00000000d6e80000,0x00000000d6e80000)
  from space 4096K, 99% used [0x00000000d7280000,0x00000000d767db78,0x00000000d7680000)
  to   space 4096K, 0% used [0x00000000d6e80000,0x00000000d6e80000,0x00000000d7280000)
 ParOldGen       total 68608K, used 5408K [0x0000000080000000, 0x0000000084300000, 0x00000000d5580000)
  object space 68608K, 7% used [0x0000000080000000,0x0000000080548140,0x0000000084300000)
 Metaspace       used 20183K, committed 20800K, reserved 1114112K
  class space    used 1977K, committed 2304K, reserved 1048576K
}
Event: 29.610 GC heap after
{Heap after GC invocations=5 (full 0):
 PSYoungGen      total 29184K, used 4093K [0x00000000d5580000, 0x00000000d7900000, 0x0000000100000000)
  eden space 25088K, 0% used [0x00000000d5580000,0x00000000d5580000,0x00000000d6e00000)
  from space 4096K, 99% used [0x00000000d6e80000,0x00000000d727f440,0x00000000d7280000)
  to   space 5632K, 0% used [0x00000000d7380000,0x00000000d7380000,0x00000000d7900000)
 ParOldGen       total 68608K, used 5924K [0x0000000080000000, 0x0000000084300000, 0x00000000d5580000)
  object space 68608K, 8% used [0x0000000080000000,0x00000000805c9048,0x0000000084300000)
 Metaspace       used 20183K, committed 20800K, reserved 1114112K
  class space    used 1977K, committed 2304K, reserved 1048576K
}

Dll operation events (11 events):
Event: 0.051 Loaded shared library c:\Users\Admin\.cursor\extensions\redhat.java-1.46.0-win32-x64\jre\21.0.8-win32-x86_64\bin\java.dll
Event: 1.135 Loaded shared library c:\Users\Admin\.cursor\extensions\redhat.java-1.46.0-win32-x64\jre\21.0.8-win32-x86_64\bin\zip.dll
Event: 1.306 Loaded shared library C:\Users\Admin\.cursor\extensions\redhat.java-1.46.0-win32-x64\jre\21.0.8-win32-x86_64\bin\instrument.dll
Event: 1.351 Loaded shared library C:\Users\Admin\.cursor\extensions\redhat.java-1.46.0-win32-x64\jre\21.0.8-win32-x86_64\bin\net.dll
Event: 1.375 Loaded shared library C:\Users\Admin\.cursor\extensions\redhat.java-1.46.0-win32-x64\jre\21.0.8-win32-x86_64\bin\nio.dll
Event: 1.393 Loaded shared library C:\Users\Admin\.cursor\extensions\redhat.java-1.46.0-win32-x64\jre\21.0.8-win32-x86_64\bin\zip.dll
Event: 1.558 Loaded shared library C:\Users\Admin\.cursor\extensions\redhat.java-1.46.0-win32-x64\jre\21.0.8-win32-x86_64\bin\jimage.dll
Event: 2.585 Loaded shared library c:\Users\Admin\.cursor\extensions\redhat.java-1.46.0-win32-x64\jre\21.0.8-win32-x86_64\bin\verify.dll
Event: 18.813 Loaded shared library C:\Users\Admin\AppData\Roaming\Cursor\User\globalStorage\redhat.java\1.46.0\config_ss_win\org.eclipse.equinox.launcher\org.eclipse.equinox.launcher.win32.win32.x86_64_1.2.1400.v20250801-0854\eclipse_11916.dll
Event: 23.264 Loaded shared library C:\Users\Admin\.cursor\extensions\redhat.java-1.46.0-win32-x64\jre\21.0.8-win32-x86_64\bin\management.dll
Event: 23.283 Loaded shared library C:\Users\Admin\.cursor\extensions\redhat.java-1.46.0-win32-x64\jre\21.0.8-win32-x86_64\bin\management_ext.dll

Deoptimization events (20 events):
Event: 24.030 Thread 0x0000020f7a0870c0 DEOPT PACKING pc=0x0000020f685bca14 sp=0x0000002b0c2f3290
Event: 24.030 Thread 0x0000020f7a0870c0 DEOPT UNPACKING pc=0x0000020f67f86da2 sp=0x0000002b0c2f3238 mode 2
Event: 28.377 Thread 0x0000020f7a0870c0 Uncommon trap: trap_request=0xffffff45 fr.pc=0x0000020f685db1a4 relative=0x0000000000000184
Event: 28.377 Thread 0x0000020f7a0870c0 Uncommon trap: reason=unstable_if action=reinterpret pc=0x0000020f685db1a4 method=org.lombokweb.asm.ByteVector.putByteArray([BII)Lorg/lombokweb/asm/ByteVector; @ 20 c2
Event: 28.378 Thread 0x0000020f7a0870c0 DEOPT PACKING pc=0x0000020f685db1a4 sp=0x0000002b0c2f2970
Event: 28.378 Thread 0x0000020f7a0870c0 DEOPT UNPACKING pc=0x0000020f67f86da2 sp=0x0000002b0c2f2940 mode 2
Event: 28.378 Thread 0x0000020f7a0870c0 Uncommon trap: trap_request=0xffffff45 fr.pc=0x0000020f685da424 relative=0x0000000000000364
Event: 28.378 Thread 0x0000020f7a0870c0 Uncommon trap: reason=unstable_if action=reinterpret pc=0x0000020f685da424 method=org.lombokweb.asm.Label.resolve([BLorg/lombokweb/asm/ByteVector;I)Z @ 81 c2
Event: 28.378 Thread 0x0000020f7a0870c0 DEOPT PACKING pc=0x0000020f685da424 sp=0x0000002b0c2f2a00
Event: 28.378 Thread 0x0000020f7a0870c0 DEOPT UNPACKING pc=0x0000020f67f86da2 sp=0x0000002b0c2f2908 mode 2
Event: 34.366 Thread 0x0000020f7a0870c0 DEOPT PACKING pc=0x0000020f60b398a6 sp=0x0000002b0c2f7fe0
Event: 34.366 Thread 0x0000020f7a0870c0 DEOPT UNPACKING pc=0x0000020f67f878e2 sp=0x0000002b0c2f74d8 mode 0
Event: 34.378 Thread 0x0000020f7a0870c0 DEOPT PACKING pc=0x0000020f60b398a6 sp=0x0000002b0c2f7fe0
Event: 34.378 Thread 0x0000020f7a0870c0 DEOPT UNPACKING pc=0x0000020f67f878e2 sp=0x0000002b0c2f74d8 mode 0
Event: 34.381 Thread 0x0000020f7a0870c0 DEOPT PACKING pc=0x0000020f60ddefd6 sp=0x0000002b0c2f7d90
Event: 34.381 Thread 0x0000020f7a0870c0 DEOPT UNPACKING pc=0x0000020f67f878e2 sp=0x0000002b0c2f72a0 mode 0
Event: 34.381 Thread 0x0000020f7a0870c0 DEOPT PACKING pc=0x0000020f60b398a6 sp=0x0000002b0c2f7fe0
Event: 34.381 Thread 0x0000020f7a0870c0 DEOPT UNPACKING pc=0x0000020f67f878e2 sp=0x0000002b0c2f74d8 mode 0
Event: 34.382 Thread 0x0000020f7a0870c0 DEOPT PACKING pc=0x0000020f60b398a6 sp=0x0000002b0c2f7fe0
Event: 34.382 Thread 0x0000020f7a0870c0 DEOPT UNPACKING pc=0x0000020f67f878e2 sp=0x0000002b0c2f74d8 mode 0

Classes loaded (20 events):
Event: 24.081 Loading class java/util/zip/GZIPInputStream
Event: 24.081 Loading class java/util/zip/GZIPInputStream done
Event: 24.088 Loading class java/net/SocketTimeoutException
Event: 24.088 Loading class java/io/InterruptedIOException
Event: 24.088 Loading class java/io/InterruptedIOException done
Event: 24.088 Loading class java/net/SocketTimeoutException done
Event: 24.088 Loading class java/net/SocketException
Event: 24.089 Loading class java/net/SocketException done
Event: 24.089 Loading class java/net/UnknownHostException
Event: 24.089 Loading class java/net/UnknownHostException done
Event: 24.089 Loading class java/net/ProtocolException
Event: 24.089 Loading class java/net/ProtocolException done
Event: 24.132 Loading class java/lang/ThreadLocal$SuppliedThreadLocal
Event: 24.132 Loading class java/lang/ThreadLocal$SuppliedThreadLocal done
Event: 24.677 Loading class java/io/FileWriter
Event: 24.677 Loading class java/io/FileWriter done
Event: 24.717 Loading class java/lang/NegativeArraySizeException
Event: 24.719 Loading class java/lang/NegativeArraySizeException done
Event: 34.715 Loading class java/net/Authenticator
Event: 34.715 Loading class java/net/Authenticator done

Classes unloaded (0 events):
No events

Classes redefined (0 events):
No events

Internal exceptions (20 events):
Event: 23.763 Thread 0x0000020f7a0870c0 Exception <a 'java/lang/NoSuchMethodError'{0x00000000d5dfde20}: 'java.lang.Object java.lang.invoke.Invokers$Holder.linkToTargetMethod(java.lang.Object, java.lang.Object, long, java.lang.Object)'> (0x00000000d5dfde20) 
thrown [s\src\hotspot\share\interpreter\linkResolver.cpp, line 773]
Event: 23.846 Thread 0x0000020f7a0870c0 Exception <a 'java/lang/IncompatibleClassChangeError'{0x00000000d5ef6e80}: Found class java.lang.Object, but interface was expected> (0x00000000d5ef6e80) 
thrown [s\src\hotspot\share\interpreter\linkResolver.cpp, line 840]
Event: 23.849 Thread 0x0000020f7a0870c0 Exception <a 'java/lang/NoSuchMethodError'{0x00000000d5efaa40}: 'java.lang.Object java.lang.invoke.DirectMethodHandle$Holder.invokeSpecial(java.lang.Object, java.lang.Object, java.lang.Object, int, java.lang.Object, java.lang.Object)'> (0x00000000d5efaa40) 
thrown [s\src\hotspot\share\interpreter\linkResolver.cpp, line 773]
Event: 23.855 Thread 0x0000020f7a0870c0 Exception <a 'java/lang/NoSuchMethodError'{0x00000000d5f10848}: 'java.lang.Object java.lang.invoke.DirectMethodHandle$Holder.newInvokeSpecial(java.lang.Object, java.lang.Object, java.lang.Object, int, java.lang.Object)'> (0x00000000d5f10848) 
thrown [s\src\hotspot\share\interpreter\linkResolver.cpp, line 773]
Event: 23.856 Thread 0x0000020f7a0870c0 Exception <a 'java/lang/NoSuchMethodError'{0x00000000d5f14808}: 'java.lang.Object java.lang.invoke.DirectMethodHandle$Holder.invokeSpecial(java.lang.Object, java.lang.Object, java.lang.Object, java.lang.Object, int, java.lang.Object)'> (0x00000000d5f14808) 
thrown [s\src\hotspot\share\interpreter\linkResolver.cpp, line 773]
Event: 23.857 Thread 0x0000020f7a0870c0 Exception <a 'java/lang/NoSuchMethodError'{0x00000000d5f18348}: 'java.lang.Object java.lang.invoke.Invokers$Holder.linkToTargetMethod(java.lang.Object, java.lang.Object, int, java.lang.Object, java.lang.Object)'> (0x00000000d5f18348) 
thrown [s\src\hotspot\share\interpreter\linkResolver.cpp, line 773]
Event: 23.858 Thread 0x0000020f7aa133d0 Exception <a 'java/lang/NoSuchMethodError'{0x00000000d5e39338}: 'java.lang.Object java.lang.invoke.DirectMethodHandle$Holder.invokeSpecial(java.lang.Object, java.lang.Object, int, java.lang.Object, java.lang.Object)'> (0x00000000d5e39338) 
thrown [s\src\hotspot\share\interpreter\linkResolver.cpp, line 773]
Event: 23.858 Thread 0x0000020f7aa133d0 Exception <a 'java/lang/NoSuchMethodError'{0x00000000d5e40070}: 'java.lang.Object java.lang.invoke.DirectMethodHandle$Holder.newInvokeSpecial(java.lang.Object, java.lang.Object, int, java.lang.Object)'> (0x00000000d5e40070) 
thrown [s\src\hotspot\share\interpreter\linkResolver.cpp, line 773]
Event: 23.859 Thread 0x0000020f7aa133d0 Exception <a 'java/lang/NoSuchMethodError'{0x00000000d5e43990}: 'java.lang.Object java.lang.invoke.DirectMethodHandle$Holder.invokeSpecial(java.lang.Object, java.lang.Object, java.lang.Object, int, java.lang.Object)'> (0x00000000d5e43990) 
thrown [s\src\hotspot\share\interpreter\linkResolver.cpp, line 773]
Event: 23.911 Thread 0x0000020f7a0870c0 Exception <a 'java/lang/NoSuchMethodError'{0x00000000d60540a0}: 'void java.lang.invoke.DirectMethodHandle$Holder.invokeSpecial(java.lang.Object, java.lang.Object, java.lang.Object, java.lang.Object, java.lang.Object)'> (0x00000000d60540a0) 
thrown [s\src\hotspot\share\interpreter\linkResolver.cpp, line 773]
Event: 23.983 Thread 0x0000020f7a0870c0 Exception <a 'java/lang/NoSuchMethodError'{0x00000000d623fed0}: 'double java.lang.invoke.DirectMethodHandle$Holder.invokeStatic(java.lang.Object, java.lang.Object)'> (0x00000000d623fed0) 
thrown [s\src\hotspot\share\interpreter\linkResolver.cpp, line 773]
Event: 23.983 Thread 0x0000020f7a0870c0 Exception <a 'java/lang/NoSuchMethodError'{0x00000000d6243590}: 'double java.lang.invoke.DirectMethodHandle$Holder.invokeStaticInit(java.lang.Object, java.lang.Object)'> (0x00000000d6243590) 
thrown [s\src\hotspot\share\interpreter\linkResolver.cpp, line 773]
Event: 24.748 Thread 0x0000020f7a0870c0 Exception <a 'java/io/FileNotFoundException'{0x00000000d5988a40}> (0x00000000d5988a40) 
thrown [s\src\hotspot\share\prims\jni.cpp, line 520]
Event: 24.748 Thread 0x0000020f7a0870c0 Exception <a 'java/io/FileNotFoundException'{0x00000000d5989880}> (0x00000000d5989880) 
thrown [s\src\hotspot\share\prims\jni.cpp, line 520]
Event: 24.749 Thread 0x0000020f7a0870c0 Exception <a 'java/io/FileNotFoundException'{0x00000000d598a7c0}> (0x00000000d598a7c0) 
thrown [s\src\hotspot\share\prims\jni.cpp, line 520]
Event: 27.132 Thread 0x0000020f7a0870c0 Exception <a 'java/lang/NoSuchMethodError'{0x00000000d62f1ed8}: 'int java.lang.invoke.DirectMethodHandle$Holder.invokeStaticInit(java.lang.Object, java.lang.Object, java.lang.Object)'> (0x00000000d62f1ed8) 
thrown [s\src\hotspot\share\interpreter\linkResolver.cpp, line 773]
Event: 28.377 Thread 0x0000020f7a0870c0 Implicit null exception at 0x0000020f685db075 to 0x0000020f685db188
Event: 29.695 Thread 0x0000020f7a0870c0 Exception <a 'java/io/FileNotFoundException'{0x00000000d55a5828}> (0x00000000d55a5828) 
thrown [s\src\hotspot\share\prims\jni.cpp, line 520]
Event: 29.831 Thread 0x0000020f7a0870c0 Exception <a 'java/lang/NoSuchMethodError'{0x00000000d55ad0a0}: 'java.lang.Object java.lang.invoke.DirectMethodHandle$Holder.newInvokeSpecial(java.lang.Object, int, java.lang.Object, java.lang.Object)'> (0x00000000d55ad0a0) 
thrown [s\src\hotspot\share\interpreter\linkResolver.cpp, line 773]
Event: 30.559 Thread 0x0000020f7a0870c0 Exception <a 'java/io/FileNotFoundException'{0x00000000d616dca0}> (0x00000000d616dca0) 
thrown [s\src\hotspot\share\prims\jni.cpp, line 520]

ZGC Phase Switch (0 events):
No events

VM Operations (20 events):
Event: 24.500 Executing VM operation: Cleanup done
Event: 24.534 Executing VM operation: ParallelGCFailedAllocation (Allocation Failure)
Event: 24.545 Executing VM operation: ParallelGCFailedAllocation (Allocation Failure) done
Event: 25.545 Executing VM operation: Cleanup
Event: 25.545 Executing VM operation: Cleanup done
Event: 28.579 Executing VM operation: Cleanup
Event: 28.579 Executing VM operation: Cleanup done
Event: 29.601 Executing VM operation: ParallelGCFailedAllocation (Allocation Failure)
Event: 29.610 Executing VM operation: ParallelGCFailedAllocation (Allocation Failure) done
Event: 30.612 Executing VM operation: Cleanup
Event: 30.612 Executing VM operation: Cleanup done
Event: 31.627 Executing VM operation: Cleanup
Event: 31.627 Executing VM operation: Cleanup done
Event: 32.641 Executing VM operation: Cleanup
Event: 32.642 Executing VM operation: Cleanup done
Event: 33.647 Executing VM operation: Cleanup
Event: 33.647 Executing VM operation: Cleanup done
Event: 34.655 Executing VM operation: Cleanup
Event: 34.656 Executing VM operation: Cleanup done
Event: 34.904 Executing VM operation: CollectForMetadataAllocation (Metadata GC Threshold)

Memory protections (0 events):
No events

Nmethod flushes (0 events):
No events

Events (20 events):
Event: 0.307 Thread 0x0000020f5d810b00 Thread added: 0x0000020f5d787320
Event: 0.307 Thread 0x0000020f5d810b00 Thread added: 0x0000020f5d789e80
Event: 0.307 Thread 0x0000020f5d810b00 Thread added: 0x0000020f5d78a8d0
Event: 0.307 Thread 0x0000020f5d810b00 Thread added: 0x0000020f5d78b320
Event: 0.308 Thread 0x0000020f5d810b00 Thread added: 0x0000020f5d78e160
Event: 0.338 Thread 0x0000020f5d810b00 Thread added: 0x0000020f75aa77d0
Event: 0.751 Thread 0x0000020f5d810b00 Thread added: 0x0000020f75b35d30
Event: 3.781 Thread 0x0000020f5d810b00 Thread added: 0x0000020f75d55100
Event: 4.830 Thread 0x0000020f5d78e160 Thread added: 0x0000020f75d91a90
Event: 5.145 Thread 0x0000020f75d91a90 Thread exited: 0x0000020f75d91a90
Event: 5.163 Thread 0x0000020f75aa77d0 Thread added: 0x0000020f75d91a90
Event: 5.335 Thread 0x0000020f75d91a90 Thread exited: 0x0000020f75d91a90
Event: 12.950 Thread 0x0000020f5d810b00 Thread added: 0x0000020f75b1ec40
Event: 18.617 Thread 0x0000020f5d810b00 Thread added: 0x0000020f7a21a290
Event: 18.637 Thread 0x0000020f5d810b00 Thread added: 0x0000020f7a0870c0
Event: 19.810 Thread 0x0000020f7a0870c0 Thread added: 0x0000020f75de0bc0
Event: 20.948 Thread 0x0000020f7a0870c0 Thread added: 0x0000020f7a01f900
Event: 23.779 Thread 0x0000020f7a0870c0 Thread added: 0x0000020f7aa133d0
Event: 23.860 Thread 0x0000020f7a0870c0 Thread added: 0x0000020f7aa36750
Event: 34.661 Thread 0x0000020f7a0870c0 Thread added: 0x0000020f7ab53040


Dynamic libraries:
0x00007ff63fec0000 - 0x00007ff63fece000 	c:\Users\Admin\.cursor\extensions\redhat.java-1.46.0-win32-x64\jre\21.0.8-win32-x86_64\bin\java.exe
0x00007ffb33e40000 - 0x00007ffb340a8000 	C:\WINDOWS\SYSTEM32\ntdll.dll
0x00007ffb32660000 - 0x00007ffb32729000 	C:\WINDOWS\System32\KERNEL32.DLL
0x00007ffb31070000 - 0x00007ffb31462000 	C:\WINDOWS\System32\KERNELBASE.dll
0x00007ffb31ac0000 - 0x00007ffb31c0b000 	C:\WINDOWS\System32\ucrtbase.dll
0x00007ffaf5980000 - 0x00007ffaf5998000 	c:\Users\Admin\.cursor\extensions\redhat.java-1.46.0-win32-x64\jre\21.0.8-win32-x86_64\bin\jli.dll
0x00007ffaf6600000 - 0x00007ffaf661e000 	c:\Users\Admin\.cursor\extensions\redhat.java-1.46.0-win32-x64\jre\21.0.8-win32-x86_64\bin\VCRUNTIME140.dll
0x00007ffb33910000 - 0x00007ffb33ad5000 	C:\WINDOWS\System32\USER32.dll
0x00007ffb316f0000 - 0x00007ffb31717000 	C:\WINDOWS\System32\win32u.dll
0x00007ffb332f0000 - 0x00007ffb3331b000 	C:\WINDOWS\System32\GDI32.dll
0x00007ffb31500000 - 0x00007ffb3162d000 	C:\WINDOWS\System32\gdi32full.dll
0x00007ffb31720000 - 0x00007ffb317c3000 	C:\WINDOWS\System32\msvcp_win.dll
0x00007ffb1a420000 - 0x00007ffb1a6b3000 	C:\WINDOWS\WinSxS\amd64_microsoft.windows.common-controls_6595b64144ccf1df_6.0.26100.6725_none_3e085828e334708b\COMCTL32.dll
0x00007ffb324c0000 - 0x00007ffb32569000 	C:\WINDOWS\System32\msvcrt.dll
0x00007ffb33dc0000 - 0x00007ffb33def000 	C:\WINDOWS\System32\IMM32.DLL
0x00007ffb0b900000 - 0x00007ffb0b90c000 	c:\Users\Admin\.cursor\extensions\redhat.java-1.46.0-win32-x64\jre\21.0.8-win32-x86_64\bin\vcruntime140_1.dll
0x00007ffad4df0000 - 0x00007ffad4e7d000 	c:\Users\Admin\.cursor\extensions\redhat.java-1.46.0-win32-x64\jre\21.0.8-win32-x86_64\bin\msvcp140.dll
0x00007ffa95610000 - 0x00007ffa963a7000 	c:\Users\Admin\.cursor\extensions\redhat.java-1.46.0-win32-x64\jre\21.0.8-win32-x86_64\bin\server\jvm.dll
0x00007ffb32400000 - 0x00007ffb324b4000 	C:\WINDOWS\System32\ADVAPI32.dll
0x00007ffb33d10000 - 0x00007ffb33db6000 	C:\WINDOWS\System32\sechost.dll
0x00007ffb33bf0000 - 0x00007ffb33d08000 	C:\WINDOWS\System32\RPCRT4.dll
0x00007ffb32740000 - 0x00007ffb327b4000 	C:\WINDOWS\System32\WS2_32.dll
0x00007ffb30e50000 - 0x00007ffb30eae000 	C:\WINDOWS\SYSTEM32\POWRPROF.dll
0x00007ffb26350000 - 0x00007ffb26385000 	C:\WINDOWS\SYSTEM32\WINMM.dll
0x00007ffb1f310000 - 0x00007ffb1f31b000 	C:\WINDOWS\SYSTEM32\VERSION.dll
0x00007ffb30e10000 - 0x00007ffb30e24000 	C:\WINDOWS\SYSTEM32\UMPDC.dll
0x00007ffb2fd70000 - 0x00007ffb2fd8b000 	C:\WINDOWS\SYSTEM32\kernel.appcore.dll
0x00007ffb01a10000 - 0x00007ffb01a1a000 	c:\Users\Admin\.cursor\extensions\redhat.java-1.46.0-win32-x64\jre\21.0.8-win32-x86_64\bin\jimage.dll
0x00007ffb2e670000 - 0x00007ffb2e8b2000 	C:\WINDOWS\SYSTEM32\DBGHELP.DLL
0x00007ffb32d10000 - 0x00007ffb3308b000 	C:\WINDOWS\System32\combase.dll
0x00007ffb33210000 - 0x00007ffb332e7000 	C:\WINDOWS\System32\OLEAUT32.dll
0x00007ffb1a170000 - 0x00007ffb1a1ac000 	C:\WINDOWS\SYSTEM32\dbgcore.DLL
0x00007ffb30fd0000 - 0x00007ffb31068000 	C:\WINDOWS\System32\bcryptPrimitives.dll
0x00007ffb1df80000 - 0x00007ffb1df8f000 	c:\Users\Admin\.cursor\extensions\redhat.java-1.46.0-win32-x64\jre\21.0.8-win32-x86_64\bin\instrument.dll
0x00007ffaf4ff0000 - 0x00007ffaf500f000 	c:\Users\Admin\.cursor\extensions\redhat.java-1.46.0-win32-x64\jre\21.0.8-win32-x86_64\bin\java.dll
0x00007ffb31c60000 - 0x00007ffb323ac000 	C:\WINDOWS\System32\SHELL32.dll
0x00007ffb31950000 - 0x00007ffb31abb000 	C:\WINDOWS\System32\wintypes.dll
0x00007ffb2ebe0000 - 0x00007ffb2f43d000 	C:\WINDOWS\SYSTEM32\windows.storage.dll
0x00007ffb33090000 - 0x00007ffb33182000 	C:\WINDOWS\System32\SHCORE.dll
0x00007ffb32570000 - 0x00007ffb325d2000 	C:\WINDOWS\System32\shlwapi.dll
0x00007ffb30ef0000 - 0x00007ffb30f19000 	C:\WINDOWS\SYSTEM32\profapi.dll
0x00007ffaff240000 - 0x00007ffaff258000 	c:\Users\Admin\.cursor\extensions\redhat.java-1.46.0-win32-x64\jre\21.0.8-win32-x86_64\bin\zip.dll
0x00007ffb159b0000 - 0x00007ffb159c0000 	C:\Users\Admin\.cursor\extensions\redhat.java-1.46.0-win32-x64\jre\21.0.8-win32-x86_64\bin\net.dll
0x00007ffb2a4a0000 - 0x00007ffb2a5bf000 	C:\WINDOWS\SYSTEM32\WINHTTP.dll
0x00007ffb30310000 - 0x00007ffb3037b000 	C:\WINDOWS\system32\mswsock.dll
0x00007ffafef00000 - 0x00007ffafef16000 	C:\Users\Admin\.cursor\extensions\redhat.java-1.46.0-win32-x64\jre\21.0.8-win32-x86_64\bin\nio.dll
0x00007ffb0b910000 - 0x00007ffb0b920000 	c:\Users\Admin\.cursor\extensions\redhat.java-1.46.0-win32-x64\jre\21.0.8-win32-x86_64\bin\verify.dll
0x00007ffae5400000 - 0x00007ffae5444000 	C:\Users\Admin\AppData\Roaming\Cursor\User\globalStorage\redhat.java\1.46.0\config_ss_win\org.eclipse.equinox.launcher\org.eclipse.equinox.launcher.win32.win32.x86_64_1.2.1400.v20250801-0854\eclipse_11916.dll
0x00007ffb336e0000 - 0x00007ffb33878000 	C:\WINDOWS\System32\ole32.dll
0x00007ffb04630000 - 0x00007ffb0463a000 	C:\Users\Admin\.cursor\extensions\redhat.java-1.46.0-win32-x64\jre\21.0.8-win32-x86_64\bin\management.dll
0x00007ffb034e0000 - 0x00007ffb034eb000 	C:\Users\Admin\.cursor\extensions\redhat.java-1.46.0-win32-x64\jre\21.0.8-win32-x86_64\bin\management_ext.dll
0x00007ffb33660000 - 0x00007ffb33668000 	C:\WINDOWS\System32\PSAPI.DLL

JVMTI agents:
c:\Users\Admin\.cursor\extensions\redhat.java-1.46.0-win32-x64\lombok\lombok-1.18.39-4050.jar path:c:\Users\Admin\.cursor\extensions\redhat.java-1.46.0-win32-x64\jre\21.0.8-win32-x86_64\bin\instrument.dll, loaded, initialized, instrumentlib options:none

dbghelp: loaded successfully - version: 4.0.5 - missing functions: none
symbol engine: initialized successfully - sym options: 0x614 - pdb path: .;c:\Users\Admin\.cursor\extensions\redhat.java-1.46.0-win32-x64\jre\21.0.8-win32-x86_64\bin;C:\WINDOWS\SYSTEM32;C:\WINDOWS\WinSxS\amd64_microsoft.windows.common-controls_6595b64144ccf1df_6.0.26100.6725_none_3e085828e334708b;c:\Users\Admin\.cursor\extensions\redhat.java-1.46.0-win32-x64\jre\21.0.8-win32-x86_64\bin\server;C:\Users\Admin\AppData\Roaming\Cursor\User\globalStorage\redhat.java\1.46.0\config_ss_win\org.eclipse.equinox.launcher\org.eclipse.equinox.launcher.win32.win32.x86_64_1.2.1400.v20250801-0854

VM Arguments:
jvm_args: --add-modules=ALL-SYSTEM --add-opens=java.base/java.util=ALL-UNNAMED --add-opens=java.base/java.lang=ALL-UNNAMED --add-opens=java.base/sun.nio.fs=ALL-UNNAMED -Declipse.application=org.eclipse.jdt.ls.core.id1 -Dosgi.bundles.defaultStartLevel=4 -Declipse.product=org.eclipse.jdt.ls.core.product -Djava.import.generatesMetadataFilesAtProjectRoot=false -DDetectVMInstallationsJob.disabled=true -Dfile.encoding=utf8 -XX:+UseParallelGC -XX:GCTimeRatio=4 -XX:AdaptiveSizePolicyWeight=90 -Dsun.zip.disableMemoryMapping=true -Xmx2G -Xms100m -Xlog:disable -javaagent:c:\Users\Admin\.cursor\extensions\redhat.java-1.46.0-win32-x64\lombok\lombok-1.18.39-4050.jar 
java_command: c:\Users\Admin\.cursor\extensions\redhat.java-1.46.0-win32-x64\server\plugins\org.eclipse.equinox.launcher_1.7.0.v20250519-0528.jar -configuration c:\Users\Admin\AppData\Roaming\Cursor\User\globalStorage\redhat.java\1.46.0\config_ss_win -data c:\Users\Admin\AppData\Roaming\Cursor\User\workspaceStorage\0293fd36af3ee97b47869c549215eac4\redhat.java\ss_ws --pipe=\\.\pipe\lsp-ec9bc59ff11da9daab4cfed0888750cb-sock
java_class_path (initial): c:\Users\Admin\.cursor\extensions\redhat.java-1.46.0-win32-x64\server\plugins\org.eclipse.equinox.launcher_1.7.0.v20250519-0528.jar
Launcher Type: SUN_STANDARD

[Global flags]
    uintx AdaptiveSizePolicyWeight                 = 90                                        {product} {command line}
     intx CICompilerCount                          = 4                                         {product} {ergonomic}
    uintx GCTimeRatio                              = 4                                         {product} {command line}
   size_t InitialHeapSize                          = 104857600                                 {product} {command line}
   size_t MaxHeapSize                              = 2147483648                                {product} {command line}
   size_t MaxNewSize                               = 715653120                                 {product} {ergonomic}
   size_t MinHeapDeltaBytes                        = 524288                                    {product} {ergonomic}
   size_t MinHeapSize                              = 104857600                                 {product} {command line}
   size_t NewSize                                  = 34603008                                  {product} {ergonomic}
    uintx NonNMethodCodeHeapSize                   = 5839372                                {pd product} {ergonomic}
    uintx NonProfiledCodeHeapSize                  = 122909434                              {pd product} {ergonomic}
   size_t OldSize                                  = 70254592                                  {product} {ergonomic}
    uintx ProfiledCodeHeapSize                     = 122909434                              {pd product} {ergonomic}
    uintx ReservedCodeCacheSize                    = 251658240                              {pd product} {ergonomic}
     bool SegmentedCodeCache                       = true                                      {product} {ergonomic}
   size_t SoftMaxHeapSize                          = 2147483648                             {manageable} {ergonomic}
     bool UseCompressedOops                        = true                           {product lp64_product} {ergonomic}
     bool UseLargePagesIndividualAllocation        = false                                  {pd product} {ergonomic}
     bool UseParallelGC                            = true                                      {product} {command line}

Logging:
Log output configuration:
 #0: stdout all=off uptime,level,tags foldmultilines=false
 #1: stderr all=off uptime,level,tags foldmultilines=false

Environment Variables:
JAVA_HOME=C:\Program Files\Java\jdk-22
PATH=C:\Program Files\Eclipse Adoptium\jdk-21.0.8.9-hotspot\bin;C:\Users\Admin\miniconda3;C:\Users\Admin\miniconda3\Library\mingw-w64\bin;C:\Users\Admin\miniconda3\Library\usr\bin;C:\Users\Admin\miniconda3\Library\bin;C:\Users\Admin\miniconda3\Scripts;C:\Users\Admin\miniconda3\bin;C:\Users\Admin\miniconda3\condabin;C:\Program Files (x86)\VMware\VMware Workstation\bin;C:\Program Files\Common Files\Oracle\Java\javapath;C:\Program Files (x86)\Common Files\Oracle\Java\java8path;C:\Program Files (x86)\Common Files\Oracle\Java\javapath;C:\WINDOWS\system32;C:\WINDOWS;C:\WINDOWS\System32\Wbem;C:\WINDOWS\System32\WindowsPowerShell\v1.0;C:\WINDOWS\System32\OpenSSH;C:\Program Files\dotnet;C:\Program Files\Go\bin;C:\msys64\mingw64\bin;C:\Program Files (x86)\Windows Kits\10\Windows Performance Toolkit;C:\Program Files\CMake\bin;C:\Program Files\Cloudflare\Cloudflare WARP;C:\Program Files\Git\cmd;C:\Program Files\Java\jdk-22\bin;C:\Users\Admin\Downloads\mongosh-2.4.0-win32-x64\mongosh-2.4.0-win32-x64\bin;C:\xampp\php;C:\ProgramData\ComposerSetup\bin;c:\Users\Admin\AppData\Local\Programs\cursor\resources\app\bin;C:\Users\Admin\Downloads\MySQL Server 8.0\bin;C:\Program Files\Fortect;C:\WINDOWS\system32;C:\WINDOWS;C:\WINDOWS\System32\Wbem;C:\WINDOWS\System32\WindowsPowerShell\v1.0;C:\WINDOWS\System32\OpenSSH;C:\Users\Admin\miniconda3;C:\Users\Admin\miniconda3\Scripts;C:\Users\Admin\miniconda3\Library\bin;.;C:\Program Files\Docker\Docker\resources\bin;C:\Program Files\nodejs;C:\Users\Admin\AppData\Local\Programs\Python\Python313\Scripts;C:\Users\Admin\AppData\Local\Programs\Python\Python313;C:\Program Files\MySQL\MySQL Shell 8.0\bin;C:\Users\Admin\AppData\Local\Microsoft\WindowsApps;C:\Program Files\JetBrains\PyCharm 2024.3.4\bin;C:\Users\Admin\go\bin;C:\Program Files (x86)\Brackets;C:\Users\Admin\AppData\Local\Programs\Microsoft VS Code\bin;C:\mingw64\bin;C:\Users\Admin\AppData\Local\GitHubDesktop\bin;C:\Program Files\Java\jdk-22;C:\Program Files\JetBrains\IntelliJ IDEA 2024.2.3\bin;C:\Users\Admin\AppData\Roaming\Composer\vendor\bin;C:\Users\Admin\AppData\Local\Programs\cursor\resources\app\bin;C:\Program Files\MySQL\MySQL Server 8.0\bin;C:\Users\Admin\AppData\Roaming\npm;C:\Program Files\MongoDB\Server\8.2\bin;C:\Users\Admin\AppData\Local\Programs\Python\Python313\Scripts\;C:\Users\Admin\AppData\Local\Programs\Python\Python313\;C:\Program Files\MySQL\MySQL Shell 8.0\bin\;C:\Users\Admin\AppData\Local\Microsoft\WindowsApps;C:\Program Files\JetBrains\PyCharm 2024.3.4\bin;;C:\Users\Admin\go\bin;C:\Program Files (x86)\Brackets\;C:\Users\Admin\AppData\Local\Programs\Microsoft VS Code\bin;C:\mingw64\bin;C:\Users\Admin\AppData\Local\GitHubDesktop\bin;C:\Program Files\Java\jdk-22;C:\Program Files\JetBrains\IntelliJ IDEA 2024.2.3\bin;;C:\Users\Admin\AppData\Roaming\Composer\vendor\bin;C:\Users\Admin\AppData\Local\Programs\cursor\resources\app\bin;C:\Program Files\MySQL\MySQL Server 8.0\bin;C:\Users\Admin\AppData\Roaming\npm
USERNAME=Admin
OS=Windows_NT
PROCESSOR_IDENTIFIER=Intel64 Family 6 Model 140 Stepping 1, GenuineIntel
TMP=C:\Users\Admin\AppData\Local\Temp
TEMP=C:\Users\Admin\AppData\Local\Temp




Periodic native trim disabled

---------------  S Y S T E M  ---------------

OS:
 Windows 11 , 64 bit Build 26100 (10.0.26100.6725)
OS uptime: 6 days 19:49 hours
Hyper-V role detected

CPU: total 8 (initial active 8) (4 cores per cpu, 2 threads per core) family 6 model 140 stepping 1 microcode 0x9a, cx8, cmov, fxsr, ht, mmx, 3dnowpref, sse, sse2, sse3, ssse3, sse4.1, sse4.2, popcnt, lzcnt, tsc, tscinvbit, avx, avx2, aes, erms, clmul, bmi1, bmi2, adx, avx512f, avx512dq, avx512cd, avx512bw, avx512vl, sha, fma, vzeroupper, avx512_vpopcntdq, avx512_vpclmulqdq, avx512_vaes, avx512_vnni, clflush, clflushopt, clwb, avx512_vbmi2, avx512_vbmi, hv, rdtscp, rdpid, fsrm, gfni, avx512_bitalg, f16c, cet_ibt, cet_ss, avx512_ifma
Processor Information for the first 8 processors :
  Max Mhz: 2419, Current Mhz: 2419, Mhz Limit: 2419

Memory: 4k page, system-wide physical 7887M (5M free)
TotalPageFile size 32463M (AvailPageFile size 27M)
current process WorkingSet (physical memory assigned to process): 114M, peak: 131M
current process commit charge ("private bytes"): 277M, peak: 292M

vm_info: OpenJDK 64-Bit Server VM (21.0.8+9-LTS) for windows-amd64 JRE (21.0.8+9-LTS), built on 2025-07-15T00:00:00Z by "admin" with MS VC++ 17.7 (VS2022)

END.
